Arguments: 
  /home/fabien/.nvm/versions/node/v10.15.3/bin/node /usr/bin/yarn add express

PATH: 
  /home/fabien/.rbenv/shims:/home/fabien/.rbenv/bin:/home/fabien/.rbenv/plugins/ruby-build/bin:/home/fabien/.yarn/bin:/home/fabien/.config/yarn/global/node_modules/.bin:/home/fabien/.config/qtile/bin:/opt:/home/fabien/.nvm/versions/node/v10.15.3/bin:/home/fabien/.config/composer/vendor/bin:/home/fabien/bin:/usr/local/bin:/home/fabien/.rbenv/versions/2.7.0/bin:/usr/lib/rbenv/libexec:/home/fabien/.rbenv/shims:/home/fabien/.rbenv/bin:/home/fabien/.rbenv/plugins/ruby-build/bin:/home/fabien/.yarn/bin:/home/fabien/.config/yarn/global/node_modules/.bin:/home/fabien/.config/qtile/bin:/opt:/home/fabien/.nvm/versions/node/v10.15.3/bin:/home/fabien/.config/composer/vendor/bin:/home/fabien/bin:/usr/local/bin:/usr/local/bin:/usr/local/sbin:/usr/bin:/usr/lib/jvm/default/bin:/usr/bin/site_perl:/usr/bin/vendor_perl:/usr/bin/core_perl:/var/lib/snapd/snap/bin:/usr/lib/jvm/default/bin:/usr/bin/site_perl:/usr/bin/vendor_perl:/usr/bin/core_perl

Yarn version: 
  1.22.0

Node version: 
  10.15.3

Platform: 
  linux x64

Trace: 
  Error: http://192.168.64.135:4873/@geekagency%2fmicroservice-translation: no such package available
      at Request.params.callback [as _callback] (/usr/lib/node_modules/yarn/lib/cli.js:66975:18)
      at Request.self.callback (/usr/lib/node_modules/yarn/lib/cli.js:140727:22)
      at Request.emit (events.js:189:13)
      at Request.<anonymous> (/usr/lib/node_modules/yarn/lib/cli.js:141699:10)
      at Request.emit (events.js:189:13)
      at IncomingMessage.<anonymous> (/usr/lib/node_modules/yarn/lib/cli.js:141621:12)
      at Object.onceWrapper (events.js:277:13)
      at IncomingMessage.emit (events.js:194:15)
      at endReadableNT (_stream_readable.js:1125:12)
      at process._tickCallback (internal/process/next_tick.js:63:19)

npm manifest: 
  {
  	"name": "wedplan-api",
  	"license": "MIT",
  	"version": "1.0.0",
  	"main": "src/index.js",
  	"private": true,
  	"scripts": {
  		"start": "node src/index.js",
  		"debug": "npx nodemon --inspect",
  		"push:preprod": "npm run build; cd ./Docker/prod;eval $(docker-machine env it.geekagency.ch);FQDN=saladin-api.geekagency.ch docker-compose  -p 01_api up --build -d;eval $(docker-machine env -u)",
  		"build": "mkdir ./Docker/prod/dist; cp -a ./src  ./Docker/prod/dist/;cp  ./package.json  ./Docker/prod/dist/package.json"
  	},
  	"dependencies": {
  		"@geekagency/microservice-common-libs": "^0.7.0",
  		"@geekagency/microservice-translation": "^1.1.2",
  		"bluebird": "^3.5.3",
  		"cors": "^2.8.5",
  		"csvtojson": "^1.1.9",
  		"express-server-factory": "github:FDT2k/express-server-factory#master",
  		"express-useragent": "^1.0.12",
  		"jsonwebtoken": "^8.2.1",
  		"lodash": "^4.17.5",
  		"moment": "^2.20.1",
  		"mongoose": "^5.0.1",
  		"mongoose-i18n-localize": "^0.3.0",
  		"multer": "^1.3.0",
  		"randomstring": "^1.1.5"
  	},
  	"devDependencies": {
  		"nodemon": "^1.17.2"
  	}
  }

yarn manifest: 
  No manifest

Lockfile: 
  No lockfile
